2025-06-13 00:13:21,539 - INFO - Starting KIMERA Real Market Case Study
2025-06-13 00:13:21,540 - INFO - ============================================================
2025-06-13 00:13:21,540 - INFO - Step 1: Collecting real market data...
2025-06-13 00:13:21,540 - INFO - Collecting market data for 10 symbols...
2025-06-13 00:13:21,541 - INFO - Fetching data for AAPL...
2025-06-13 00:13:59,047 - INFO - Processed 30 data points for AAPL
2025-06-13 00:13:59,048 - INFO - Fetching data for GOOGL...
2025-06-13 00:14:36,215 - INFO - Processed 30 data points for GOOGL
2025-06-13 00:14:36,215 - INFO - Fetching data for MSFT...
2025-06-13 00:15:13,378 - INFO - Processed 30 data points for MSFT
2025-06-13 00:15:13,379 - INFO - Fetching data for NVDA...
2025-06-13 00:15:50,590 - INFO - Processed 30 data points for NVDA
2025-06-13 00:15:50,590 - INFO - Fetching data for AMD...
2025-06-13 00:16:27,857 - INFO - Processed 30 data points for AMD
2025-06-13 00:16:27,858 - INFO - Fetching data for TSLA...
2025-06-13 00:17:05,075 - INFO - Processed 30 data points for TSLA
2025-06-13 00:17:05,076 - INFO - Fetching data for META...
2025-06-13 00:17:42,050 - INFO - Processed 30 data points for META
2025-06-13 00:17:42,050 - INFO - Fetching data for AMZN...
2025-06-13 00:18:19,222 - INFO - Processed 30 data points for AMZN
2025-06-13 00:18:19,223 - INFO - Fetching data for NFLX...
2025-06-13 00:18:56,594 - INFO - Processed 30 data points for NFLX
2025-06-13 00:18:56,594 - INFO - Fetching data for INTC...
2025-06-13 00:19:34,110 - INFO - Processed 30 data points for INTC
2025-06-13 00:19:34,111 - INFO - Step 2: Analyzing asset correlations...
2025-06-13 00:19:34,112 - INFO - Analyzing asset correlations...
2025-06-13 00:19:34,113 - INFO - Calculated correlation matrix for 10 assets
2025-06-13 00:19:34,113 - INFO - Step 3: Detecting market contradictions...
2025-06-13 00:19:34,113 - INFO - Detecting market contradictions...
2025-06-13 00:19:34,119 - INFO - Detected 17 market contradictions
2025-06-13 00:19:34,119 - INFO - Step 4: Sending contradictions to KIMERA...
2025-06-13 00:19:34,408 - INFO - Sent contradiction sector_div_20250514 to KIMERA: GEOID_1493bce4
2025-06-13 00:19:35,715 - INFO - Sent contradiction sector_div_20250507 to KIMERA: GEOID_0e65c3e4
2025-06-13 00:19:37,015 - INFO - Sent contradiction vol_price_MSFT_20250501 to KIMERA: GEOID_f11c8a43
2025-06-13 00:19:38,323 - INFO - Sent contradiction vol_price_META_20250501 to KIMERA: GEOID_cc3d7296
2025-06-13 00:19:39,634 - INFO - Sent contradiction vol_price_AMZN_20250502 to KIMERA: GEOID_c7775846
2025-06-13 00:19:40,643 - INFO - Step 5: Generating case study report...
2025-06-13 00:19:40,644 - INFO - Generating case study report...
2025-06-13 00:19:40,651 - INFO - Case study completed successfully!
